<?xml version="1.0" encoding="UTF-8"?><testsuites failures="6" name="dependency-check" tests="42"><testsuite failures="0" errors="0" time="0" id="0" name="/home/runner/.m2/repository/aero/aero/1.1.6/aero-1.1.6.jar" package="aero-1.1.6.jar" skipped="0" tests="1" timestamp="2024-11-12T02:51:00.657127012"><testcase classname="dependency-check" name="aero-1.1.6.jar"/></testsuite><testsuite failures="0" errors="0" time="0" id="1" name="/home/runner/.m2/repository/org/ow2/asm/asm/9.2/asm-9.2.jar" package="asm-9.2.jar" skipped="0" tests="1" timestamp="2024-11-12T02:51:00.657127012"><testcase classname="dependency-check" name="asm-9.2.jar"/></testsuite><testsuite failures="0" errors="0" time="0" id="2" name="/home/runner/.m2/repository/camel-snake-kebab/camel-snake-kebab/0.4.3/camel-snake-kebab-0.4.3.jar" package="camel-snake-kebab-0.4.3.jar" skipped="0" tests="1" timestamp="2024-11-12T02:51:00.657127012"><testcase classname="dependency-check" name="camel-snake-kebab-0.4.3.jar"/></testsuite><testsuite failures="0" errors="0" time="0" id="3" name="/home/runner/.m2/repository/cheshire/cheshire/5.13.0/cheshire-5.13.0.jar" package="cheshire-5.13.0.jar" skipped="0" tests="1" timestamp="2024-11-12T02:51:00.657127012"><testcase classname="dependency-check" name="cheshire-5.13.0.jar"/></testsuite><testsuite failures="0" errors="0" time="0" id="4" name="/home/runner/.m2/repository/org/clojars/pmonks/clj-2253/0.1.0/clj-2253-0.1.0.jar" package="clj-2253-0.1.0.jar" skipped="0" tests="1" timestamp="2024-11-12T02:51:00.657127012"><testcase classname="dependency-check" name="clj-2253-0.1.0.jar"/></testsuite><testsuite failures="0" errors="0" time="0" id="5" name="/home/runner/.m2/repository/org/clojure/clojure/1.11.3/clojure-1.11.3.jar" package="clojure-1.11.3.jar" skipped="0" tests="1" timestamp="2024-11-12T02:51:00.657127012"><testcase classname="dependency-check" name="clojure-1.11.3.jar"/></testsuite><testsuite failures="0" errors="0" time="0" id="6" name="/home/runner/.m2/repository/clojure/java-time/clojure.java-time/1.4.2/clojure.java-time-1.4.2.jar" package="clojure.java-time-1.4.2.jar" skipped="0" tests="1" timestamp="2024-11-12T02:51:00.657127012"><testcase classname="dependency-check" name="clojure.java-time-1.4.2.jar"/></testsuite><testsuite failures="0" errors="0" time="0" id="7" name="/home/runner/.m2/repository/commons-beanutils/commons-beanutils/1.9.4/commons-beanutils-1.9.4.jar" package="commons-beanutils-1.9.4.jar" skipped="0" tests="1" timestamp="2024-11-12T02:51:00.657127012"><testcase classname="dependency-check" name="commons-beanutils-1.9.4.jar"/></testsuite><testsuite failures="0" errors="0" time="0" id="8" name="/home/runner/.m2/repository/commons-collections/commons-collections/3.2.2/commons-collections-3.2.2.jar" package="commons-collections-3.2.2.jar" skipped="0" tests="1" timestamp="2024-11-12T02:51:00.657127012"><testcase classname="dependency-check" name="commons-collections-3.2.2.jar"/></testsuite><testsuite failures="0" errors="0" time="0" id="9" name="/home/runner/.m2/repository/commons-digester/commons-digester/2.1/commons-digester-2.1.jar" package="commons-digester-2.1.jar" skipped="0" tests="1" timestamp="2024-11-12T02:51:00.657127012"><testcase classname="dependency-check" name="commons-digester-2.1.jar"/></testsuite><testsuite failures="0" errors="0" time="0" id="10" name="/home/runner/.m2/repository/commons-logging/commons-logging/1.3.2/commons-logging-1.3.2.jar" package="commons-logging-1.3.2.jar" skipped="0" tests="1" timestamp="2024-11-12T02:51:00.657127012"><testcase classname="dependency-check" name="commons-logging-1.3.2.jar"/></testsuite><testsuite failures="0" errors="0" time="0" id="11" name="/home/runner/.m2/repository/commons-validator/commons-validator/1.9.0/commons-validator-1.9.0.jar" package="commons-validator-1.9.0.jar" skipped="0" tests="1" timestamp="2024-11-12T02:51:00.657127012"><testcase classname="dependency-check" name="commons-validator-1.9.0.jar"/></testsuite><testsuite failures="0" errors="0" time="0" id="12" name="/home/runner/.m2/repository/org/clojure/core.async/1.6.681/core.async-1.6.681.jar" package="core.async-1.6.681.jar" skipped="0" tests="1" timestamp="2024-11-12T02:51:00.657127012"><testcase classname="dependency-check" name="core.async-1.6.681.jar"/></testsuite><testsuite failures="0" errors="0" time="0" id="13" name="/home/runner/.m2/repository/org/clojure/core.cache/1.0.225/core.cache-1.0.225.jar" package="core.cache-1.0.225.jar" skipped="0" tests="1" timestamp="2024-11-12T02:51:00.657127012"><testcase classname="dependency-check" name="core.cache-1.0.225.jar"/></testsuite><testsuite failures="0" errors="0" time="0" id="14" name="/home/runner/.m2/repository/org/clojure/core.memoize/1.0.253/core.memoize-1.0.253.jar" package="core.memoize-1.0.253.jar" skipped="0" tests="1" timestamp="2024-11-12T02:51:00.657127012"><testcase classname="dependency-check" name="core.memoize-1.0.253.jar"/></testsuite><testsuite failures="0" errors="0" time="0" id="15" name="/home/runner/.m2/repository/org/clojure/core.specs.alpha/0.4.74/core.specs.alpha-0.4.74.jar" package="core.specs.alpha-0.4.74.jar" skipped="0" tests="1" timestamp="2024-11-12T02:51:00.657127012"><testcase classname="dependency-check" name="core.specs.alpha-0.4.74.jar"/></testsuite><testsuite failures="0" errors="0" time="0" id="16" name="/home/runner/.m2/repository/org/clojure/data.json/2.3.1/data.json-2.3.1.jar" package="data.json-2.3.1.jar" skipped="0" tests="1" timestamp="2024-11-12T02:51:00.657127012"><testcase classname="dependency-check" name="data.json-2.3.1.jar"/></testsuite><testsuite failures="0" errors="0" time="0" id="17" name="/home/runner/.m2/repository/org/clojure/data.priority-map/1.1.0/data.priority-map-1.1.0.jar" package="data.priority-map-1.1.0.jar" skipped="0" tests="1" timestamp="2024-11-12T02:51:00.657127012"><testcase classname="dependency-check" name="data.priority-map-1.1.0.jar"/></testsuite><testsuite failures="0" errors="0" time="0" id="18" name="/home/runner/.m2/repository/com/github/discljord/discljord/1.3.1/discljord-1.3.1.jar" package="discljord-1.3.1.jar" skipped="0" tests="1" timestamp="2024-11-12T02:51:00.657127012"><testcase classname="dependency-check" name="discljord-1.3.1.jar"/></testsuite><testsuite failures="0" errors="0" time="0" id="19" name="/home/runner/.m2/repository/com/github/pmonks/embroidery/1.0.44/embroidery-1.0.44.jar" package="embroidery-1.0.44.jar" skipped="0" tests="1" timestamp="2024-11-12T02:51:00.657127012"><testcase classname="dependency-check" name="embroidery-1.0.44.jar"/></testsuite><testsuite failures="0" errors="0" time="0" id="20" name="/home/runner/.m2/repository/stylefruits/gniazdo/1.2.2/gniazdo-1.2.2.jar" package="gniazdo-1.2.2.jar" skipped="0" tests="1" timestamp="2024-11-12T02:51:00.657127012"><testcase classname="dependency-check" name="gniazdo-1.2.2.jar"/></testsuite><testsuite failures="0" errors="0" time="0" id="21" name="/home/runner/.m2/repository/hato/hato/1.0.0/hato-1.0.0.jar" package="hato-1.0.0.jar" skipped="0" tests="1" timestamp="2024-11-12T02:51:00.657127012"><testcase classname="dependency-check" name="hato-1.0.0.jar"/></testsuite><testsuite failures="0" errors="0" time="0" id="22" name="/home/runner/.m2/repository/http-kit/http-kit/2.8.0/http-kit-2.8.0.jar" package="http-kit-2.8.0.jar" skipped="0" tests="1" timestamp="2024-11-12T02:51:00.657127012"><testcase classname="dependency-check" name="http-kit-2.8.0.jar"/></testsuite><testsuite failures="0" errors="0" time="0" id="23" name="/home/runner/.m2/repository/com/fasterxml/jackson/core/jackson-core/2.17.0/jackson-core-2.17.0.jar" package="jackson-core-2.17.0.jar" skipped="0" tests="1" timestamp="2024-11-12T02:51:00.657127012"><testcase classname="dependency-check" name="jackson-core-2.17.0.jar"/></testsuite><testsuite failures="0" errors="0" time="0" id="24" name="/home/runner/.m2/repository/com/fasterxml/jackson/dataformat/jackson-dataformat-cbor/2.17.0/jackson-dataformat-cbor-2.17.0.jar" package="jackson-dataformat-cbor-2.17.0.jar" skipped="0" tests="1" timestamp="2024-11-12T02:51:00.657127012"><testcase classname="dependency-check" name="jackson-dataformat-cbor-2.17.0.jar"/></testsuite><testsuite failures="0" errors="0" time="0" id="25" name="/home/runner/.m2/repository/org/slf4j/jcl-over-slf4j/2.0.13/jcl-over-slf4j-2.0.13.jar" package="jcl-over-slf4j-2.0.13.jar" skipped="0" tests="1" timestamp="2024-11-12T02:51:00.657127012"><testcase classname="dependency-check" name="jcl-over-slf4j-2.0.13.jar"/></testsuite><testsuite failures="2" errors="0" time="0" id="26" name="/home/runner/.m2/repository/org/eclipse/jetty/jetty-io/9.4.55.v20240627/jetty-io-9.4.55.v20240627.jar" package="jetty-io-9.4.55.v20240627.jar" skipped="0" tests="2" timestamp="2024-11-12T02:51:00.657127012"><testcase classname="CVE-2024-8184" name="pkg:maven/org.eclipse.jetty/jetty-io@9.4.55.v20240627"><failure message="cvssV3: MEDIUM, score: 6.5 (CVSS:3.1/AV:N/AC:L/PR:L/UI:N/S:U/C:N/I:N/A:H/E:2.8/RC:R/MAV:A)"/><system-out>There exists a security vulnerability in Jetty&apos;s ThreadLimitHandler.getRemote() which can be exploited by unauthorized users to cause remote denial-of-service (DoS) attack.  By repeatedly sending crafted requests, attackers can trigger OutofMemory errors and exhaust the server&apos;s memory.</system-out><system-err>location: /home/runner/.m2/repository/org/eclipse/jetty/jetty-io/9.4.55.v20240627/jetty-io-9.4.55.v20240627.jar, project-references: [  ]</system-err></testcase><testcase classname="CVE-2024-6763" name="pkg:maven/org.eclipse.jetty/jetty-io@9.4.55.v20240627"><failure message="cvssV3: MEDIUM, score: 5.3 (CVSS:3.1/AV:N/AC:L/PR:N/UI:N/S:U/C:N/I:L/A:N/E:3.9/RC:R/MAV:A)"/><system-out>Eclipse Jetty is a lightweight, highly scalable, Java-based web server and Servlet engine . It includes a utility class, HttpURI, for URI/URL parsing.

The HttpURI class does insufficient validation on the authority segment of a URI.  However the behaviour of HttpURI
 differs from the common browsers in how it handles a URI that would be 
considered invalid if fully validated against the RRC.  Specifically HttpURI
 and the browser may differ on the value of the host extracted from an 
invalid URI and thus a combination of Jetty and a vulnerable browser may
 be vulnerable to a open redirect attack or to a SSRF attack if the URI 
is used after passing validation checks.</system-out><system-err>location: /home/runner/.m2/repository/org/eclipse/jetty/jetty-io/9.4.55.v20240627/jetty-io-9.4.55.v20240627.jar, project-references: [  ]</system-err></testcase></testsuite><testsuite failures="0" errors="0" time="0" id="27" name="/home/runner/.m2/repository/org/slf4j/jul-to-slf4j/2.0.13/jul-to-slf4j-2.0.13.jar" package="jul-to-slf4j-2.0.13.jar" skipped="0" tests="1" timestamp="2024-11-12T02:51:00.657127012"><testcase classname="dependency-check" name="jul-to-slf4j-2.0.13.jar"/></testsuite><testsuite failures="0" errors="0" time="0" id="28" name="/home/runner/.m2/repository/frankiesardo/linked/1.3.0/linked-1.3.0.jar" package="linked-1.3.0.jar" skipped="0" tests="1" timestamp="2024-11-12T02:51:00.657127012"><testcase classname="dependency-check" name="linked-1.3.0.jar"/></testsuite><testsuite failures="0" errors="0" time="0" id="29" name="/home/runner/.m2/repository/org/slf4j/log4j-over-slf4j/2.0.13/log4j-over-slf4j-2.0.13.jar" package="log4j-over-slf4j-2.0.13.jar" skipped="0" tests="1" timestamp="2024-11-12T02:51:00.657127012"><testcase classname="dependency-check" name="log4j-over-slf4j-2.0.13.jar"/></testsuite><testsuite failures="0" errors="0" time="0" id="30" name="/home/runner/.m2/repository/ch/qos/logback/logback-core/1.5.6/logback-core-1.5.6.jar" package="logback-core-1.5.6.jar" skipped="0" tests="1" timestamp="2024-11-12T02:51:00.657127012"><testcase classname="dependency-check" name="logback-core-1.5.6.jar"/></testsuite><testsuite failures="0" errors="0" time="0" id="31" name="/home/runner/.m2/repository/rm-hull/markov-chains/0.1.1/markov-chains-0.1.1.jar" package="markov-chains-0.1.1.jar" skipped="0" tests="1" timestamp="2024-11-12T02:51:00.657127012"><testcase classname="dependency-check" name="markov-chains-0.1.1.jar"/></testsuite><testsuite failures="0" errors="0" time="0" id="32" name="/home/runner/.m2/repository/mount/mount/0.1.18/mount-0.1.18.jar" package="mount-0.1.18.jar" skipped="0" tests="1" timestamp="2024-11-12T02:51:00.657127012"><testcase classname="dependency-check" name="mount-0.1.18.jar"/></testsuite><testsuite failures="0" errors="0" time="0" id="33" name="/home/runner/.m2/repository/com/github/johnnyjayjay/slash/0.6.1-SNAPSHOT/slash-0.6.1-SNAPSHOT.jar" package="slash-0.6.1-SNAPSHOT.jar" skipped="0" tests="1" timestamp="2024-11-12T02:51:00.657127012"><testcase classname="dependency-check" name="slash-0.6.1-SNAPSHOT.jar"/></testsuite><testsuite failures="0" errors="0" time="0" id="34" name="/home/runner/.m2/repository/org/slf4j/slf4j-api/2.0.13/slf4j-api-2.0.13.jar" package="slf4j-api-2.0.13.jar" skipped="0" tests="1" timestamp="2024-11-12T02:51:00.657127012"><testcase classname="dependency-check" name="slf4j-api-2.0.13.jar"/></testsuite><testsuite failures="0" errors="0" time="0" id="35" name="/home/runner/.m2/repository/org/clojure/spec.alpha/0.5.238/spec.alpha-0.5.238.jar" package="spec.alpha-0.5.238.jar" skipped="0" tests="1" timestamp="2024-11-12T02:51:00.657127012"><testcase classname="dependency-check" name="spec.alpha-0.5.238.jar"/></testsuite><testsuite failures="0" errors="0" time="0" id="36" name="/home/runner/.m2/repository/tigris/tigris/0.1.2/tigris-0.1.2.jar" package="tigris-0.1.2.jar" skipped="0" tests="1" timestamp="2024-11-12T02:51:00.657127012"><testcase classname="dependency-check" name="tigris-0.1.2.jar"/></testsuite><testsuite failures="0" errors="0" time="0" id="37" name="/home/runner/.m2/repository/org/clojure/tools.analyzer/1.1.1/tools.analyzer-1.1.1.jar" package="tools.analyzer-1.1.1.jar" skipped="0" tests="1" timestamp="2024-11-12T02:51:00.657127012"><testcase classname="dependency-check" name="tools.analyzer-1.1.1.jar"/></testsuite><testsuite failures="0" errors="0" time="0" id="38" name="/home/runner/.m2/repository/org/clojure/tools.analyzer.jvm/1.2.3/tools.analyzer.jvm-1.2.3.jar" package="tools.analyzer.jvm-1.2.3.jar" skipped="0" tests="1" timestamp="2024-11-12T02:51:00.657127012"><testcase classname="dependency-check" name="tools.analyzer.jvm-1.2.3.jar"/></testsuite><testsuite failures="0" errors="0" time="0" id="39" name="/home/runner/.m2/repository/org/clojure/tools.cli/1.1.230/tools.cli-1.1.230.jar" package="tools.cli-1.1.230.jar" skipped="0" tests="1" timestamp="2024-11-12T02:51:00.657127012"><testcase classname="dependency-check" name="tools.cli-1.1.230.jar"/></testsuite><testsuite failures="0" errors="0" time="0" id="40" name="/home/runner/.m2/repository/org/clojure/tools.logging/1.3.0/tools.logging-1.3.0.jar" package="tools.logging-1.3.0.jar" skipped="0" tests="1" timestamp="2024-11-12T02:51:00.657127012"><testcase classname="dependency-check" name="tools.logging-1.3.0.jar"/></testsuite><testsuite failures="0" errors="0" time="0" id="41" name="/home/runner/.m2/repository/org/clojure/tools.reader/1.3.6/tools.reader-1.3.6.jar" package="tools.reader-1.3.6.jar" skipped="0" tests="1" timestamp="2024-11-12T02:51:00.657127012"><testcase classname="dependency-check" name="tools.reader-1.3.6.jar"/></testsuite><testsuite failures="0" errors="0" time="0" id="42" name="/home/runner/.m2/repository/org/eclipse/jetty/websocket/websocket-api/9.4.55.v20240627/websocket-api-9.4.55.v20240627.jar" package="websocket-api-9.4.55.v20240627.jar" skipped="0" tests="1" timestamp="2024-11-12T02:51:00.657127012"><testcase classname="dependency-check" name="websocket-api-9.4.55.v20240627.jar"/></testsuite><testsuite failures="2" errors="0" time="0" id="43" name="/home/runner/.m2/repository/org/eclipse/jetty/websocket/websocket-client/9.4.55.v20240627/websocket-client-9.4.55.v20240627.jar" package="websocket-client-9.4.55.v20240627.jar" skipped="0" tests="2" timestamp="2024-11-12T02:51:00.657127012"><testcase classname="CVE-2024-8184" name="pkg:maven/org.eclipse.jetty.websocket/websocket-client@9.4.55.v20240627"><failure message="cvssV3: MEDIUM, score: 6.5 (CVSS:3.1/AV:N/AC:L/PR:L/UI:N/S:U/C:N/I:N/A:H/E:2.8/RC:R/MAV:A)"/><system-out>There exists a security vulnerability in Jetty&apos;s ThreadLimitHandler.getRemote() which can be exploited by unauthorized users to cause remote denial-of-service (DoS) attack.  By repeatedly sending crafted requests, attackers can trigger OutofMemory errors and exhaust the server&apos;s memory.</system-out><system-err>location: /home/runner/.m2/repository/org/eclipse/jetty/websocket/websocket-client/9.4.55.v20240627/websocket-client-9.4.55.v20240627.jar, project-references: [  ]</system-err></testcase><testcase classname="CVE-2024-6763" name="pkg:maven/org.eclipse.jetty.websocket/websocket-client@9.4.55.v20240627"><failure message="cvssV3: MEDIUM, score: 5.3 (CVSS:3.1/AV:N/AC:L/PR:N/UI:N/S:U/C:N/I:L/A:N/E:3.9/RC:R/MAV:A)"/><system-out>Eclipse Jetty is a lightweight, highly scalable, Java-based web server and Servlet engine . It includes a utility class, HttpURI, for URI/URL parsing.

The HttpURI class does insufficient validation on the authority segment of a URI.  However the behaviour of HttpURI
 differs from the common browsers in how it handles a URI that would be 
considered invalid if fully validated against the RRC.  Specifically HttpURI
 and the browser may differ on the value of the host extracted from an 
invalid URI and thus a combination of Jetty and a vulnerable browser may
 be vulnerable to a open redirect attack or to a SSRF attack if the URI 
is used after passing validation checks.</system-out><system-err>location: /home/runner/.m2/repository/org/eclipse/jetty/websocket/websocket-client/9.4.55.v20240627/websocket-client-9.4.55.v20240627.jar, project-references: [  ]</system-err></testcase></testsuite><testsuite failures="2" errors="0" time="0" id="44" name="/home/runner/.m2/repository/org/eclipse/jetty/websocket/websocket-common/9.4.55.v20240627/websocket-common-9.4.55.v20240627.jar" package="websocket-common-9.4.55.v20240627.jar" skipped="0" tests="2" timestamp="2024-11-12T02:51:00.657127012"><testcase classname="CVE-2024-8184" name="pkg:maven/org.eclipse.jetty.websocket/websocket-common@9.4.55.v20240627"><failure message="cvssV3: MEDIUM, score: 6.5 (CVSS:3.1/AV:N/AC:L/PR:L/UI:N/S:U/C:N/I:N/A:H/E:2.8/RC:R/MAV:A)"/><system-out>There exists a security vulnerability in Jetty&apos;s ThreadLimitHandler.getRemote() which can be exploited by unauthorized users to cause remote denial-of-service (DoS) attack.  By repeatedly sending crafted requests, attackers can trigger OutofMemory errors and exhaust the server&apos;s memory.</system-out><system-err>location: /home/runner/.m2/repository/org/eclipse/jetty/websocket/websocket-common/9.4.55.v20240627/websocket-common-9.4.55.v20240627.jar, project-references: [  ]</system-err></testcase><testcase classname="CVE-2024-6763" name="pkg:maven/org.eclipse.jetty.websocket/websocket-common@9.4.55.v20240627"><failure message="cvssV3: MEDIUM, score: 5.3 (CVSS:3.1/AV:N/AC:L/PR:N/UI:N/S:U/C:N/I:L/A:N/E:3.9/RC:R/MAV:A)"/><system-out>Eclipse Jetty is a lightweight, highly scalable, Java-based web server and Servlet engine . It includes a utility class, HttpURI, for URI/URL parsing.

The HttpURI class does insufficient validation on the authority segment of a URI.  However the behaviour of HttpURI
 differs from the common browsers in how it handles a URI that would be 
considered invalid if fully validated against the RRC.  Specifically HttpURI
 and the browser may differ on the value of the host extracted from an 
invalid URI and thus a combination of Jetty and a vulnerable browser may
 be vulnerable to a open redirect attack or to a SSRF attack if the URI 
is used after passing validation checks.</system-out><system-err>location: /home/runner/.m2/repository/org/eclipse/jetty/websocket/websocket-common/9.4.55.v20240627/websocket-common-9.4.55.v20240627.jar, project-references: [  ]</system-err></testcase></testsuite></testsuites>