<?xml version="1.0" encoding="UTF-8"?>
<testsuites failures="15" name="dependency-check" tests="47">
        <testsuite failures="0" errors="0" time="0" id="0" name="/home/runner/.m2/repository/aero/aero/1.1.6/aero-1.1.6.jar" package="aero-1.1.6.jar" skipped="0" tests="1" timestamp="2026-08-18T03:13:08.240200836">
            <testcase classname="dependency-check" name="aero-1.1.6.jar"/>
    </testsuite>
        <testsuite failures="0" errors="0" time="0" id="1" name="/home/runner/.m2/repository/org/ow2/asm/asm/9.2/asm-9.2.jar" package="asm-9.2.jar" skipped="0" tests="1" timestamp="2026-08-18T03:13:08.240200836">
            <testcase classname="dependency-check" name="asm-9.2.jar"/>
    </testsuite>
        <testsuite failures="0" errors="0" time="0" id="2" name="/home/runner/.m2/repository/camel-snake-kebab/camel-snake-kebab/0.4.3/camel-snake-kebab-0.4.3.jar" package="camel-snake-kebab-0.4.3.jar" skipped="0" tests="1" timestamp="2026-08-18T03:13:08.240200836">
            <testcase classname="dependency-check" name="camel-snake-kebab-0.4.3.jar"/>
    </testsuite>
        <testsuite failures="0" errors="0" time="0" id="3" name="/home/runner/.m2/repository/cheshire/cheshire/6.1.0/cheshire-6.1.0.jar" package="cheshire-6.1.0.jar" skipped="0" tests="1" timestamp="2026-08-18T03:13:08.240200836">
            <testcase classname="dependency-check" name="cheshire-6.1.0.jar"/>
    </testsuite>
        <testsuite failures="0" errors="0" time="0" id="4" name="/home/runner/.m2/repository/org/clojars/pmonks/clj-2253/0.1.0/clj-2253-0.1.0.jar" package="clj-2253-0.1.0.jar" skipped="0" tests="1" timestamp="2026-08-18T03:13:08.240200836">
            <testcase classname="dependency-check" name="clj-2253-0.1.0.jar"/>
    </testsuite>
        <testsuite failures="0" errors="0" time="0" id="5" name="/home/runner/.m2/repository/com/github/pmonks/clj-wcwidth/1.0.125/clj-wcwidth-1.0.125.jar" package="clj-wcwidth-1.0.125.jar" skipped="0" tests="1" timestamp="2026-08-18T03:13:08.240200836">
            <testcase classname="dependency-check" name="clj-wcwidth-1.0.125.jar"/>
    </testsuite>
        <testsuite failures="0" errors="0" time="0" id="6" name="/home/runner/.m2/repository/org/clojure/clojure/1.12.4/clojure-1.12.4.jar" package="clojure-1.12.4.jar" skipped="0" tests="1" timestamp="2026-08-18T03:13:08.240200836">
            <testcase classname="dependency-check" name="clojure-1.12.4.jar"/>
    </testsuite>
        <testsuite failures="0" errors="0" time="0" id="7" name="/home/runner/.m2/repository/clojure/java-time/clojure.java-time/1.4.3/clojure.java-time-1.4.3.jar" package="clojure.java-time-1.4.3.jar" skipped="0" tests="1" timestamp="2026-08-18T03:13:08.240200836">
            <testcase classname="dependency-check" name="clojure.java-time-1.4.3.jar"/>
    </testsuite>
        <testsuite failures="0" errors="0" time="0" id="8" name="/home/runner/.m2/repository/commons-beanutils/commons-beanutils/1.11.0/commons-beanutils-1.11.0.jar" package="commons-beanutils-1.11.0.jar" skipped="0" tests="1" timestamp="2026-08-18T03:13:08.240200836">
            <testcase classname="dependency-check" name="commons-beanutils-1.11.0.jar"/>
    </testsuite>
        <testsuite failures="0" errors="0" time="0" id="9" name="/home/runner/.m2/repository/commons-collections/commons-collections/3.2.2/commons-collections-3.2.2.jar" package="commons-collections-3.2.2.jar" skipped="0" tests="1" timestamp="2026-08-18T03:13:08.240200836">
            <testcase classname="dependency-check" name="commons-collections-3.2.2.jar"/>
    </testsuite>
        <testsuite failures="0" errors="0" time="0" id="10" name="/home/runner/.m2/repository/commons-digester/commons-digester/2.1/commons-digester-2.1.jar" package="commons-digester-2.1.jar" skipped="0" tests="1" timestamp="2026-08-18T03:13:08.240200836">
            <testcase classname="dependency-check" name="commons-digester-2.1.jar"/>
    </testsuite>
        <testsuite failures="0" errors="0" time="0" id="11" name="/home/runner/.m2/repository/commons-logging/commons-logging/1.3.5/commons-logging-1.3.5.jar" package="commons-logging-1.3.5.jar" skipped="0" tests="1" timestamp="2026-08-18T03:13:08.240200836">
            <testcase classname="dependency-check" name="commons-logging-1.3.5.jar"/>
    </testsuite>
        <testsuite failures="0" errors="0" time="0" id="12" name="/home/runner/.m2/repository/commons-validator/commons-validator/1.10.1/commons-validator-1.10.1.jar" package="commons-validator-1.10.1.jar" skipped="0" tests="1" timestamp="2026-08-18T03:13:08.240200836">
            <testcase classname="dependency-check" name="commons-validator-1.10.1.jar"/>
    </testsuite>
        <testsuite failures="0" errors="0" time="0" id="13" name="/home/runner/.m2/repository/org/clojure/core.async/1.8.741/core.async-1.8.741.jar" package="core.async-1.8.741.jar" skipped="0" tests="1" timestamp="2026-08-18T03:13:08.240200836">
            <testcase classname="dependency-check" name="core.async-1.8.741.jar"/>
    </testsuite>
        <testsuite failures="0" errors="0" time="0" id="14" name="/home/runner/.m2/repository/org/clojure/core.cache/1.1.234/core.cache-1.1.234.jar" package="core.cache-1.1.234.jar" skipped="0" tests="1" timestamp="2026-08-18T03:13:08.240200836">
            <testcase classname="dependency-check" name="core.cache-1.1.234.jar"/>
    </testsuite>
        <testsuite failures="0" errors="0" time="0" id="15" name="/home/runner/.m2/repository/org/clojure/core.memoize/1.1.266/core.memoize-1.1.266.jar" package="core.memoize-1.1.266.jar" skipped="0" tests="1" timestamp="2026-08-18T03:13:08.240200836">
            <testcase classname="dependency-check" name="core.memoize-1.1.266.jar"/>
    </testsuite>
        <testsuite failures="0" errors="0" time="0" id="16" name="/home/runner/.m2/repository/org/clojure/core.specs.alpha/0.4.74/core.specs.alpha-0.4.74.jar" package="core.specs.alpha-0.4.74.jar" skipped="0" tests="1" timestamp="2026-08-18T03:13:08.240200836">
            <testcase classname="dependency-check" name="core.specs.alpha-0.4.74.jar"/>
    </testsuite>
        <testsuite failures="0" errors="0" time="0" id="17" name="/home/runner/.m2/repository/org/clojure/data.json/2.3.1/data.json-2.3.1.jar" package="data.json-2.3.1.jar" skipped="0" tests="1" timestamp="2026-08-18T03:13:08.240200836">
            <testcase classname="dependency-check" name="data.json-2.3.1.jar"/>
    </testsuite>
        <testsuite failures="0" errors="0" time="0" id="18" name="/home/runner/.m2/repository/org/clojure/data.priority-map/1.2.0/data.priority-map-1.2.0.jar" package="data.priority-map-1.2.0.jar" skipped="0" tests="1" timestamp="2026-08-18T03:13:08.240200836">
            <testcase classname="dependency-check" name="data.priority-map-1.2.0.jar"/>
    </testsuite>
        <testsuite failures="0" errors="0" time="0" id="19" name="/home/runner/.m2/repository/com/github/discljord/discljord/1.3.1/discljord-1.3.1.jar" package="discljord-1.3.1.jar" skipped="0" tests="1" timestamp="2026-08-18T03:13:08.240200836">
            <testcase classname="dependency-check" name="discljord-1.3.1.jar"/>
    </testsuite>
        <testsuite failures="0" errors="0" time="0" id="20" name="/home/runner/.m2/repository/com/github/pmonks/embroidery/1.0.44/embroidery-1.0.44.jar" package="embroidery-1.0.44.jar" skipped="0" tests="1" timestamp="2026-08-18T03:13:08.240200836">
            <testcase classname="dependency-check" name="embroidery-1.0.44.jar"/>
    </testsuite>
        <testsuite failures="0" errors="0" time="0" id="21" name="/home/runner/.m2/repository/stylefruits/gniazdo/1.2.2/gniazdo-1.2.2.jar" package="gniazdo-1.2.2.jar" skipped="0" tests="1" timestamp="2026-08-18T03:13:08.240200836">
            <testcase classname="dependency-check" name="gniazdo-1.2.2.jar"/>
    </testsuite>
        <testsuite failures="0" errors="0" time="0" id="22" name="/home/runner/.m2/repository/hato/hato/1.0.0/hato-1.0.0.jar" package="hato-1.0.0.jar" skipped="0" tests="1" timestamp="2026-08-18T03:13:08.240200836">
            <testcase classname="dependency-check" name="hato-1.0.0.jar"/>
    </testsuite>
        <testsuite failures="0" errors="0" time="0" id="23" name="/home/runner/.m2/repository/http-kit/http-kit/2.8.1/http-kit-2.8.1.jar" package="http-kit-2.8.1.jar" skipped="0" tests="1" timestamp="2026-08-18T03:13:08.240200836">
            <testcase classname="dependency-check" name="http-kit-2.8.1.jar"/>
    </testsuite>
        <testsuite failures="0" errors="0" time="0" id="24" name="/home/runner/.m2/repository/com/fasterxml/jackson/core/jackson-core/2.20.0/jackson-core-2.20.0.jar" package="jackson-core-2.20.0.jar" skipped="0" tests="1" timestamp="2026-08-18T03:13:08.240200836">
            <testcase classname="dependency-check" name="jackson-core-2.20.0.jar"/>
    </testsuite>
        <testsuite failures="0" errors="0" time="0" id="25" name="/home/runner/.m2/repository/com/fasterxml/jackson/dataformat/jackson-dataformat-cbor/2.20.0/jackson-dataformat-cbor-2.20.0.jar" package="jackson-dataformat-cbor-2.20.0.jar" skipped="0" tests="1" timestamp="2026-08-18T03:13:08.240200836">
            <testcase classname="dependency-check" name="jackson-dataformat-cbor-2.20.0.jar"/>
    </testsuite>
        <testsuite failures="0" errors="0" time="0" id="26" name="/home/runner/.m2/repository/org/jline/jansi/3.30.6/jansi-3.30.6.jar/META-INF/maven/org.jline/jansi-core/pom.xml" package="jansi-3.30.6.jar (shaded: org.jline:jansi-core:3.30.6)" skipped="0" tests="1" timestamp="2026-08-18T03:13:08.240200836">
            <testcase classname="dependency-check" name="jansi-3.30.6.jar (shaded: org.jline:jansi-core:3.30.6)"/>
    </testsuite>
        <testsuite failures="0" errors="0" time="0" id="27" name="/home/runner/.m2/repository/org/jline/jansi/3.30.6/jansi-3.30.6.jar" package="jansi-3.30.6.jar" skipped="0" tests="1" timestamp="2026-08-18T03:13:08.240200836">
            <testcase classname="dependency-check" name="jansi-3.30.6.jar"/>
    </testsuite>
        <testsuite failures="0" errors="0" time="0" id="28" name="/home/runner/.m2/repository/jansi-clj/jansi-clj/2.0.0/jansi-clj-2.0.0.jar" package="jansi-clj-2.0.0.jar" skipped="0" tests="1" timestamp="2026-08-18T03:13:08.240200836">
            <testcase classname="dependency-check" name="jansi-clj-2.0.0.jar"/>
    </testsuite>
        <testsuite failures="0" errors="0" time="0" id="29" name="/home/runner/.m2/repository/org/slf4j/jcl-over-slf4j/2.0.17/jcl-over-slf4j-2.0.17.jar" package="jcl-over-slf4j-2.0.17.jar" skipped="0" tests="1" timestamp="2026-08-18T03:13:08.240200836">
            <testcase classname="dependency-check" name="jcl-over-slf4j-2.0.17.jar"/>
    </testsuite>
        <testsuite failures="5" errors="0" time="0" id="30" name="/home/runner/.m2/repository/org/eclipse/jetty/jetty-io/9.4.58.v20250814/jetty-io-9.4.58.v20250814.jar" package="jetty-io-9.4.58.v20250814.jar" skipped="0" tests="5" timestamp="2026-08-18T03:13:08.240200836">
            <testcase classname="CVE-2026-2332" name="pkg:maven/org.eclipse.jetty/jetty-io@9.4.58.v20250814">
                <failure message="cvssV3: CRITICAL, score: 9.1 (CVSS:3.1/AV:N/AC:L/PR:N/UI:N/S:U/C:H/I:H/A:N/E:3.9/RC:R/MAV:A)"/>
            <system-out>In Eclipse Jetty, the HTTP/1.1 parser is vulnerable to request smuggling when chunk extensions are used, similar to the &quot;funky chunks&quot; techniques outlined here:
  *  https://w4ke.info/2025/06/18/funky-chunks.html

  *  https://w4ke.info/2025/10/29/funky-chunks-2.html


Jetty terminates chunk extension parsing at \r\n inside quoted strings instead of treating this as an error.




POST / HTTP/1.1
Host: localhost
Transfer-Encoding: chunked

1;ext=&quot;val
X
0

GET /smuggled HTTP/1.1
...





Note how the chunk extension does not close the double quotes, and it is able to inject a smuggled request.</system-out>
            <system-err>location: /home/runner/.m2/repository/org/eclipse/jetty/jetty-io/9.4.58.v20250814/jetty-io-9.4.58.v20250814.jar, project-references: [  ]</system-err>
        </testcase>
            <testcase classname="CVE-2026-10050" name="pkg:maven/org.eclipse.jetty/jetty-io@9.4.58.v20250814">
                <failure message="cvssV4: HIGH, score: 8.7 (CVSS:4.0/AV:N/AC:L/AT:N/PR:N/UI:N/VC:H/VI:N/VA:N/SC:N/SI:N/SA:N/E:X/CR:X/IR:X/AR:X/MAV:X/MAC:X/MAT:X/MPR:X/MUI:X/MVC:X/MVI:X/MVA:X/MSC:X/MSI:X/MSA:X/S:X/AU:X/R:N/V:X/RE:X/U:X)"/>
            <system-out>In Eclipse Jetty, the Digest authentication server-side component uses ISO-8859-1 to encode the password as bytes.



This was done because the initial specification for HTTP did not specify explicitly a charset, and it was assumed to be ISO-8859-1 for historical reasons.



If the password contains characters that cannot be represented in ISO-8859-1, they are silently replaced by `?`. This happens with passwords that contain Chinese, Cyrillic or Greek characters, for example: `αβ123` converts to `??123`.



An attacker can send a request with a digest `Authorization` header crafted with a password made of only `?` characters; the server would match any password of the same length that contains non-ISO-8859-1 characters.



Recent HTTP Digest [RFC-7616](https://datatracker.ietf.org/doc/html/rfc7616) supports a `charset` parameters that defaults to UTF-8 that allows for correct encoding/decoding of passwords.</system-out>
            <system-err>location: /home/runner/.m2/repository/org/eclipse/jetty/jetty-io/9.4.58.v20250814/jetty-io-9.4.58.v20250814.jar, project-references: [  ]</system-err>
        </testcase>
            <testcase classname="CVE-2026-5795" name="pkg:maven/org.eclipse.jetty/jetty-io@9.4.58.v20250814">
                <failure message="cvssV3: HIGH, score: 7.4 (CVSS:3.1/AV:N/AC:H/PR:N/UI:N/S:U/C:H/I:H/A:N/E:2.2/RC:R/MAV:A)"/>
            <system-out>In Eclipse Jetty, the class JASPIAuthenticator initiates the authentication checks, which set two ThreadLocal variable.


Upon returning from the initial checks, there are conditions that cause an early return from the JASPIAuthenticator code without clearing those ThreadLocals.


A subsequent request using the same thread inherits the ThreadLocal values, leading to a broken access control and privilege escalation.</system-out>
            <system-err>location: /home/runner/.m2/repository/org/eclipse/jetty/jetty-io/9.4.58.v20250814/jetty-io-9.4.58.v20250814.jar, project-references: [  ]</system-err>
        </testcase>
            <testcase classname="CVE-2025-11143" name="pkg:maven/org.eclipse.jetty/jetty-io@9.4.58.v20250814">
                <failure message="cvssV3: MEDIUM, score: 6.5 (CVSS:3.1/AV:N/AC:L/PR:N/UI:N/S:U/C:L/I:L/A:N/E:3.9/RC:R/MAV:A)"/>
            <system-out>The Jetty URI parser has some key differences to other common parsers when evaluating invalid or unusual URIs. Differential parsing of URIs in systems using multiple components may result in security by-pass. For example a component that enforces a black list may interpret the URIs differently from one that generates a response. At the very least, differential parsing may divulge implementation details.</system-out>
            <system-err>location: /home/runner/.m2/repository/org/eclipse/jetty/jetty-io/9.4.58.v20250814/jetty-io-9.4.58.v20250814.jar, project-references: [  ]</system-err>
        </testcase>
            <testcase classname="CVE-2026-6790" name="pkg:maven/org.eclipse.jetty/jetty-io@9.4.58.v20250814">
                <failure message="cvssV3: MEDIUM, score: 5.3 (CVSS:3.1/AV:N/AC:L/PR:N/UI:N/S:U/C:N/I:L/A:N/E:3.9/RC:R/MAV:A)"/>
            <system-out>In Eclipse Jetty, for HTTP/1, HTTP/2 and HTTP/3 requests, there is no strict check that the request authority (host and port) matches what provided in the Host header (if present).




This was not enforced in earlier HTTP RFC (for example, in RFC 2616), but it is in the latest RFC (9110 and 9112).




This mismatch can cause a number of problems that may be classified as vulnerabilities such as:



  *  
        
      URI constructions (for example, for redirects -- this is typical for login pages)

  *  
        
      Virtual host selection

  *  
        
      Reverse proxying

  *  
        
      Misleading logs

  *  
        
      Etc.






Given that the latest RFCs require that request authority and Host header must match, Jetty should enforce this invariant.</system-out>
            <system-err>location: /home/runner/.m2/repository/org/eclipse/jetty/jetty-io/9.4.58.v20250814/jetty-io-9.4.58.v20250814.jar, project-references: [  ]</system-err>
        </testcase>
    </testsuite>
        <testsuite failures="0" errors="0" time="0" id="31" name="/home/runner/.m2/repository/org/slf4j/jul-to-slf4j/2.0.17/jul-to-slf4j-2.0.17.jar" package="jul-to-slf4j-2.0.17.jar" skipped="0" tests="1" timestamp="2026-08-18T03:13:08.240200836">
            <testcase classname="dependency-check" name="jul-to-slf4j-2.0.17.jar"/>
    </testsuite>
        <testsuite failures="0" errors="0" time="0" id="32" name="/home/runner/.m2/repository/frankiesardo/linked/1.3.0/linked-1.3.0.jar" package="linked-1.3.0.jar" skipped="0" tests="1" timestamp="2026-08-18T03:13:08.240200836">
            <testcase classname="dependency-check" name="linked-1.3.0.jar"/>
    </testsuite>
        <testsuite failures="0" errors="0" time="0" id="33" name="/home/runner/.m2/repository/org/slf4j/log4j-over-slf4j/2.0.17/log4j-over-slf4j-2.0.17.jar" package="log4j-over-slf4j-2.0.17.jar" skipped="0" tests="1" timestamp="2026-08-18T03:13:08.240200836">
            <testcase classname="dependency-check" name="log4j-over-slf4j-2.0.17.jar"/>
    </testsuite>
        <testsuite failures="0" errors="0" time="0" id="34" name="/home/runner/.m2/repository/ch/qos/logback/logback-core/1.5.22/logback-core-1.5.22.jar" package="logback-core-1.5.22.jar" skipped="0" tests="1" timestamp="2026-08-18T03:13:08.240200836">
            <testcase classname="dependency-check" name="logback-core-1.5.22.jar"/>
    </testsuite>
        <testsuite failures="0" errors="0" time="0" id="35" name="/home/runner/.m2/repository/rm-hull/markov-chains/0.1.1/markov-chains-0.1.1.jar" package="markov-chains-0.1.1.jar" skipped="0" tests="1" timestamp="2026-08-18T03:13:08.240200836">
            <testcase classname="dependency-check" name="markov-chains-0.1.1.jar"/>
    </testsuite>
        <testsuite failures="0" errors="0" time="0" id="36" name="/home/runner/.m2/repository/mount/mount/0.1.23/mount-0.1.23.jar" package="mount-0.1.23.jar" skipped="0" tests="1" timestamp="2026-08-18T03:13:08.240200836">
            <testcase classname="dependency-check" name="mount-0.1.23.jar"/>
    </testsuite>
        <testsuite failures="0" errors="0" time="0" id="37" name="/home/runner/.m2/repository/com/github/johnnyjayjay/slash/0.6.1-SNAPSHOT/slash-0.6.1-SNAPSHOT.jar" package="slash-0.6.1-SNAPSHOT.jar" skipped="0" tests="1" timestamp="2026-08-18T03:13:08.240200836">
            <testcase classname="dependency-check" name="slash-0.6.1-SNAPSHOT.jar"/>
    </testsuite>
        <testsuite failures="0" errors="0" time="0" id="38" name="/home/runner/.m2/repository/org/slf4j/slf4j-api/2.0.17/slf4j-api-2.0.17.jar" package="slf4j-api-2.0.17.jar" skipped="0" tests="1" timestamp="2026-08-18T03:13:08.240200836">
            <testcase classname="dependency-check" name="slf4j-api-2.0.17.jar"/>
    </testsuite>
        <testsuite failures="0" errors="0" time="0" id="39" name="/home/runner/.m2/repository/org/clojure/spec.alpha/0.5.238/spec.alpha-0.5.238.jar" package="spec.alpha-0.5.238.jar" skipped="0" tests="1" timestamp="2026-08-18T03:13:08.240200836">
            <testcase classname="dependency-check" name="spec.alpha-0.5.238.jar"/>
    </testsuite>
        <testsuite failures="0" errors="0" time="0" id="40" name="/home/runner/.m2/repository/com/github/pmonks/spinner/2.0.297/spinner-2.0.297.jar" package="spinner-2.0.297.jar" skipped="0" tests="1" timestamp="2026-08-18T03:13:08.240200836">
            <testcase classname="dependency-check" name="spinner-2.0.297.jar"/>
    </testsuite>
        <testsuite failures="0" errors="0" time="0" id="41" name="/home/runner/.m2/repository/tigris/tigris/0.1.2/tigris-0.1.2.jar" package="tigris-0.1.2.jar" skipped="0" tests="1" timestamp="2026-08-18T03:13:08.240200836">
            <testcase classname="dependency-check" name="tigris-0.1.2.jar"/>
    </testsuite>
        <testsuite failures="0" errors="0" time="0" id="42" name="/home/runner/.m2/repository/org/clojure/tools.analyzer/1.2.0/tools.analyzer-1.2.0.jar" package="tools.analyzer-1.2.0.jar" skipped="0" tests="1" timestamp="2026-08-18T03:13:08.240200836">
            <testcase classname="dependency-check" name="tools.analyzer-1.2.0.jar"/>
    </testsuite>
        <testsuite failures="0" errors="0" time="0" id="43" name="/home/runner/.m2/repository/org/clojure/tools.analyzer.jvm/1.3.2/tools.analyzer.jvm-1.3.2.jar" package="tools.analyzer.jvm-1.3.2.jar" skipped="0" tests="1" timestamp="2026-08-18T03:13:08.240200836">
            <testcase classname="dependency-check" name="tools.analyzer.jvm-1.3.2.jar"/>
    </testsuite>
        <testsuite failures="0" errors="0" time="0" id="44" name="/home/runner/.m2/repository/org/clojure/tools.cli/1.2.245/tools.cli-1.2.245.jar" package="tools.cli-1.2.245.jar" skipped="0" tests="1" timestamp="2026-08-18T03:13:08.240200836">
            <testcase classname="dependency-check" name="tools.cli-1.2.245.jar"/>
    </testsuite>
        <testsuite failures="0" errors="0" time="0" id="45" name="/home/runner/.m2/repository/org/clojure/tools.logging/1.3.0/tools.logging-1.3.0.jar" package="tools.logging-1.3.0.jar" skipped="0" tests="1" timestamp="2026-08-18T03:13:08.240200836">
            <testcase classname="dependency-check" name="tools.logging-1.3.0.jar"/>
    </testsuite>
        <testsuite failures="0" errors="0" time="0" id="46" name="/home/runner/.m2/repository/org/clojure/tools.reader/1.5.0/tools.reader-1.5.0.jar" package="tools.reader-1.5.0.jar" skipped="0" tests="1" timestamp="2026-08-18T03:13:08.240200836">
            <testcase classname="dependency-check" name="tools.reader-1.5.0.jar"/>
    </testsuite>
        <testsuite failures="0" errors="0" time="0" id="47" name="/home/runner/.m2/repository/org/eclipse/jetty/websocket/websocket-api/9.4.58.v20250814/websocket-api-9.4.58.v20250814.jar" package="websocket-api-9.4.58.v20250814.jar" skipped="0" tests="1" timestamp="2026-08-18T03:13:08.240200836">
            <testcase classname="dependency-check" name="websocket-api-9.4.58.v20250814.jar"/>
    </testsuite>
        <testsuite failures="5" errors="0" time="0" id="48" name="/home/runner/.m2/repository/org/eclipse/jetty/websocket/websocket-client/9.4.58.v20250814/websocket-client-9.4.58.v20250814.jar" package="websocket-client-9.4.58.v20250814.jar" skipped="0" tests="5" timestamp="2026-08-18T03:13:08.240200836">
            <testcase classname="CVE-2026-2332" name="pkg:maven/org.eclipse.jetty.websocket/websocket-client@9.4.58.v20250814">
                <failure message="cvssV3: CRITICAL, score: 9.1 (CVSS:3.1/AV:N/AC:L/PR:N/UI:N/S:U/C:H/I:H/A:N/E:3.9/RC:R/MAV:A)"/>
            <system-out>In Eclipse Jetty, the HTTP/1.1 parser is vulnerable to request smuggling when chunk extensions are used, similar to the &quot;funky chunks&quot; techniques outlined here:
  *  https://w4ke.info/2025/06/18/funky-chunks.html

  *  https://w4ke.info/2025/10/29/funky-chunks-2.html


Jetty terminates chunk extension parsing at \r\n inside quoted strings instead of treating this as an error.




POST / HTTP/1.1
Host: localhost
Transfer-Encoding: chunked

1;ext=&quot;val
X
0

GET /smuggled HTTP/1.1
...





Note how the chunk extension does not close the double quotes, and it is able to inject a smuggled request.</system-out>
            <system-err>location: /home/runner/.m2/repository/org/eclipse/jetty/websocket/websocket-client/9.4.58.v20250814/websocket-client-9.4.58.v20250814.jar, project-references: [  ]</system-err>
        </testcase>
            <testcase classname="CVE-2026-10050" name="pkg:maven/org.eclipse.jetty.websocket/websocket-client@9.4.58.v20250814">
                <failure message="cvssV4: HIGH, score: 8.7 (CVSS:4.0/AV:N/AC:L/AT:N/PR:N/UI:N/VC:H/VI:N/VA:N/SC:N/SI:N/SA:N/E:X/CR:X/IR:X/AR:X/MAV:X/MAC:X/MAT:X/MPR:X/MUI:X/MVC:X/MVI:X/MVA:X/MSC:X/MSI:X/MSA:X/S:X/AU:X/R:N/V:X/RE:X/U:X)"/>
            <system-out>In Eclipse Jetty, the Digest authentication server-side component uses ISO-8859-1 to encode the password as bytes.



This was done because the initial specification for HTTP did not specify explicitly a charset, and it was assumed to be ISO-8859-1 for historical reasons.



If the password contains characters that cannot be represented in ISO-8859-1, they are silently replaced by `?`. This happens with passwords that contain Chinese, Cyrillic or Greek characters, for example: `αβ123` converts to `??123`.



An attacker can send a request with a digest `Authorization` header crafted with a password made of only `?` characters; the server would match any password of the same length that contains non-ISO-8859-1 characters.



Recent HTTP Digest [RFC-7616](https://datatracker.ietf.org/doc/html/rfc7616) supports a `charset` parameters that defaults to UTF-8 that allows for correct encoding/decoding of passwords.</system-out>
            <system-err>location: /home/runner/.m2/repository/org/eclipse/jetty/websocket/websocket-client/9.4.58.v20250814/websocket-client-9.4.58.v20250814.jar, project-references: [  ]</system-err>
        </testcase>
            <testcase classname="CVE-2026-5795" name="pkg:maven/org.eclipse.jetty.websocket/websocket-client@9.4.58.v20250814">
                <failure message="cvssV3: HIGH, score: 7.4 (CVSS:3.1/AV:N/AC:H/PR:N/UI:N/S:U/C:H/I:H/A:N/E:2.2/RC:R/MAV:A)"/>
            <system-out>In Eclipse Jetty, the class JASPIAuthenticator initiates the authentication checks, which set two ThreadLocal variable.


Upon returning from the initial checks, there are conditions that cause an early return from the JASPIAuthenticator code without clearing those ThreadLocals.


A subsequent request using the same thread inherits the ThreadLocal values, leading to a broken access control and privilege escalation.</system-out>
            <system-err>location: /home/runner/.m2/repository/org/eclipse/jetty/websocket/websocket-client/9.4.58.v20250814/websocket-client-9.4.58.v20250814.jar, project-references: [  ]</system-err>
        </testcase>
            <testcase classname="CVE-2025-11143" name="pkg:maven/org.eclipse.jetty.websocket/websocket-client@9.4.58.v20250814">
                <failure message="cvssV3: MEDIUM, score: 6.5 (CVSS:3.1/AV:N/AC:L/PR:N/UI:N/S:U/C:L/I:L/A:N/E:3.9/RC:R/MAV:A)"/>
            <system-out>The Jetty URI parser has some key differences to other common parsers when evaluating invalid or unusual URIs. Differential parsing of URIs in systems using multiple components may result in security by-pass. For example a component that enforces a black list may interpret the URIs differently from one that generates a response. At the very least, differential parsing may divulge implementation details.</system-out>
            <system-err>location: /home/runner/.m2/repository/org/eclipse/jetty/websocket/websocket-client/9.4.58.v20250814/websocket-client-9.4.58.v20250814.jar, project-references: [  ]</system-err>
        </testcase>
            <testcase classname="CVE-2026-6790" name="pkg:maven/org.eclipse.jetty.websocket/websocket-client@9.4.58.v20250814">
                <failure message="cvssV3: MEDIUM, score: 5.3 (CVSS:3.1/AV:N/AC:L/PR:N/UI:N/S:U/C:N/I:L/A:N/E:3.9/RC:R/MAV:A)"/>
            <system-out>In Eclipse Jetty, for HTTP/1, HTTP/2 and HTTP/3 requests, there is no strict check that the request authority (host and port) matches what provided in the Host header (if present).




This was not enforced in earlier HTTP RFC (for example, in RFC 2616), but it is in the latest RFC (9110 and 9112).




This mismatch can cause a number of problems that may be classified as vulnerabilities such as:



  *  
        
      URI constructions (for example, for redirects -- this is typical for login pages)

  *  
        
      Virtual host selection

  *  
        
      Reverse proxying

  *  
        
      Misleading logs

  *  
        
      Etc.






Given that the latest RFCs require that request authority and Host header must match, Jetty should enforce this invariant.</system-out>
            <system-err>location: /home/runner/.m2/repository/org/eclipse/jetty/websocket/websocket-client/9.4.58.v20250814/websocket-client-9.4.58.v20250814.jar, project-references: [  ]</system-err>
        </testcase>
    </testsuite>
        <testsuite failures="5" errors="0" time="0" id="49" name="/home/runner/.m2/repository/org/eclipse/jetty/websocket/websocket-common/9.4.58.v20250814/websocket-common-9.4.58.v20250814.jar" package="websocket-common-9.4.58.v20250814.jar" skipped="0" tests="5" timestamp="2026-08-18T03:13:08.240200836">
            <testcase classname="CVE-2026-2332" name="pkg:maven/org.eclipse.jetty.websocket/websocket-common@9.4.58.v20250814">
                <failure message="cvssV3: CRITICAL, score: 9.1 (CVSS:3.1/AV:N/AC:L/PR:N/UI:N/S:U/C:H/I:H/A:N/E:3.9/RC:R/MAV:A)"/>
            <system-out>In Eclipse Jetty, the HTTP/1.1 parser is vulnerable to request smuggling when chunk extensions are used, similar to the &quot;funky chunks&quot; techniques outlined here:
  *  https://w4ke.info/2025/06/18/funky-chunks.html

  *  https://w4ke.info/2025/10/29/funky-chunks-2.html


Jetty terminates chunk extension parsing at \r\n inside quoted strings instead of treating this as an error.




POST / HTTP/1.1
Host: localhost
Transfer-Encoding: chunked

1;ext=&quot;val
X
0

GET /smuggled HTTP/1.1
...





Note how the chunk extension does not close the double quotes, and it is able to inject a smuggled request.</system-out>
            <system-err>location: /home/runner/.m2/repository/org/eclipse/jetty/websocket/websocket-common/9.4.58.v20250814/websocket-common-9.4.58.v20250814.jar, project-references: [  ]</system-err>
        </testcase>
            <testcase classname="CVE-2026-10050" name="pkg:maven/org.eclipse.jetty.websocket/websocket-common@9.4.58.v20250814">
                <failure message="cvssV4: HIGH, score: 8.7 (CVSS:4.0/AV:N/AC:L/AT:N/PR:N/UI:N/VC:H/VI:N/VA:N/SC:N/SI:N/SA:N/E:X/CR:X/IR:X/AR:X/MAV:X/MAC:X/MAT:X/MPR:X/MUI:X/MVC:X/MVI:X/MVA:X/MSC:X/MSI:X/MSA:X/S:X/AU:X/R:N/V:X/RE:X/U:X)"/>
            <system-out>In Eclipse Jetty, the Digest authentication server-side component uses ISO-8859-1 to encode the password as bytes.



This was done because the initial specification for HTTP did not specify explicitly a charset, and it was assumed to be ISO-8859-1 for historical reasons.



If the password contains characters that cannot be represented in ISO-8859-1, they are silently replaced by `?`. This happens with passwords that contain Chinese, Cyrillic or Greek characters, for example: `αβ123` converts to `??123`.



An attacker can send a request with a digest `Authorization` header crafted with a password made of only `?` characters; the server would match any password of the same length that contains non-ISO-8859-1 characters.



Recent HTTP Digest [RFC-7616](https://datatracker.ietf.org/doc/html/rfc7616) supports a `charset` parameters that defaults to UTF-8 that allows for correct encoding/decoding of passwords.</system-out>
            <system-err>location: /home/runner/.m2/repository/org/eclipse/jetty/websocket/websocket-common/9.4.58.v20250814/websocket-common-9.4.58.v20250814.jar, project-references: [  ]</system-err>
        </testcase>
            <testcase classname="CVE-2026-5795" name="pkg:maven/org.eclipse.jetty.websocket/websocket-common@9.4.58.v20250814">
                <failure message="cvssV3: HIGH, score: 7.4 (CVSS:3.1/AV:N/AC:H/PR:N/UI:N/S:U/C:H/I:H/A:N/E:2.2/RC:R/MAV:A)"/>
            <system-out>In Eclipse Jetty, the class JASPIAuthenticator initiates the authentication checks, which set two ThreadLocal variable.


Upon returning from the initial checks, there are conditions that cause an early return from the JASPIAuthenticator code without clearing those ThreadLocals.


A subsequent request using the same thread inherits the ThreadLocal values, leading to a broken access control and privilege escalation.</system-out>
            <system-err>location: /home/runner/.m2/repository/org/eclipse/jetty/websocket/websocket-common/9.4.58.v20250814/websocket-common-9.4.58.v20250814.jar, project-references: [  ]</system-err>
        </testcase>
            <testcase classname="CVE-2025-11143" name="pkg:maven/org.eclipse.jetty.websocket/websocket-common@9.4.58.v20250814">
                <failure message="cvssV3: MEDIUM, score: 6.5 (CVSS:3.1/AV:N/AC:L/PR:N/UI:N/S:U/C:L/I:L/A:N/E:3.9/RC:R/MAV:A)"/>
            <system-out>The Jetty URI parser has some key differences to other common parsers when evaluating invalid or unusual URIs. Differential parsing of URIs in systems using multiple components may result in security by-pass. For example a component that enforces a black list may interpret the URIs differently from one that generates a response. At the very least, differential parsing may divulge implementation details.</system-out>
            <system-err>location: /home/runner/.m2/repository/org/eclipse/jetty/websocket/websocket-common/9.4.58.v20250814/websocket-common-9.4.58.v20250814.jar, project-references: [  ]</system-err>
        </testcase>
            <testcase classname="CVE-2026-6790" name="pkg:maven/org.eclipse.jetty.websocket/websocket-common@9.4.58.v20250814">
                <failure message="cvssV3: MEDIUM, score: 5.3 (CVSS:3.1/AV:N/AC:L/PR:N/UI:N/S:U/C:N/I:L/A:N/E:3.9/RC:R/MAV:A)"/>
            <system-out>In Eclipse Jetty, for HTTP/1, HTTP/2 and HTTP/3 requests, there is no strict check that the request authority (host and port) matches what provided in the Host header (if present).




This was not enforced in earlier HTTP RFC (for example, in RFC 2616), but it is in the latest RFC (9110 and 9112).




This mismatch can cause a number of problems that may be classified as vulnerabilities such as:



  *  
        
      URI constructions (for example, for redirects -- this is typical for login pages)

  *  
        
      Virtual host selection

  *  
        
      Reverse proxying

  *  
        
      Misleading logs

  *  
        
      Etc.






Given that the latest RFCs require that request authority and Host header must match, Jetty should enforce this invariant.</system-out>
            <system-err>location: /home/runner/.m2/repository/org/eclipse/jetty/websocket/websocket-common/9.4.58.v20250814/websocket-common-9.4.58.v20250814.jar, project-references: [  ]</system-err>
        </testcase>
    </testsuite>
</testsuites>